Determining if the pthread_create exist failed with the following output:
Change Dir: /home/yw/slam/cpp/lec3/build/CMakeFiles/CMakeTmp

Run Build Command:"/usr/bin/make" "cmTC_62129/fast"
/usr/bin/make -f CMakeFiles/cmTC_62129.dir/build.make CMakeFiles/cmTC_62129.dir/build
make[1]: Entering directory '/home/yw/slam/cpp/lec3/build/CMakeFiles/CMakeTmp'
Building C object CMakeFiles/cmTC_62129.dir/CheckSymbolExists.c.o
/usr/bin/cc    -o CMakeFiles/cmTC_62129.dir/CheckSymbolExists.c.o   -c /home/yw/slam/cpp/lec3/build/CMakeFiles/CMakeTmp/CheckSymbolExists.c
Linking C executable cmTC_62129
/usr/bin/cmake -E cmake_link_script CMakeFiles/cmTC_62129.dir/link.txt --verbose=1
/usr/bin/cc      -rdynamic CMakeFiles/cmTC_62129.dir/CheckSymbolExists.c.o  -o cmTC_62129 
CMakeFiles/cmTC_62129.dir/CheckSymbolExists.c.o: In function `main':
CheckSymbolExists.c:(.text+0x1b): undefined reference to `pthread_create'
collect2: error: ld returned 1 exit status
CMakeFiles/cmTC_62129.dir/build.make:97: recipe for target 'cmTC_62129' failed
make[1]: *** [cmTC_62129] Error 1
make[1]: Leaving directory '/home/yw/slam/cpp/lec3/build/CMakeFiles/CMakeTmp'
Makefile:126: recipe for target 'cmTC_62129/fast' failed
make: *** [cmTC_62129/fast] Error 2

File /home/yw/slam/cpp/lec3/build/CMakeFiles/CMakeTmp/CheckSymbolExists.c:
/* */
#include <pthread.h>

int main(int argc, char** argv)
{
  (void)argv;
#ifndef pthread_create
  return ((int*)(&pthread_create))[argc];
#else
  (void)argc;
  return 0;
#endif
}

Determining if the function pthread_create exists in the pthreads failed with the following output:
Change Dir: /home/yw/slam/cpp/lec3/build/CMakeFiles/CMakeTmp

Run Build Command:"/usr/bin/make" "cmTC_ea72e/fast"
/usr/bin/make -f CMakeFiles/cmTC_ea72e.dir/build.make CMakeFiles/cmTC_ea72e.dir/build
make[1]: Entering directory '/home/yw/slam/cpp/lec3/build/CMakeFiles/CMakeTmp'
Building C object CMakeFiles/cmTC_ea72e.dir/CheckFunctionExists.c.o
/usr/bin/cc   -DCHECK_FUNCTION_EXISTS=pthread_create   -o CMakeFiles/cmTC_ea72e.dir/CheckFunctionExists.c.o   -c /usr/share/cmake-3.10/Modules/CheckFunctionExists.c
Linking C executable cmTC_ea72e
/usr/bin/cmake -E cmake_link_script CMakeFiles/cmTC_ea72e.dir/link.txt --verbose=1
/usr/bin/cc  -DCHECK_FUNCTION_EXISTS=pthread_create    -rdynamic CMakeFiles/cmTC_ea72e.dir/CheckFunctionExists.c.o  -o cmTC_ea72e -lpthreads 
/usr/bin/ld: cannot find -lpthreads
collect2: error: ld returned 1 exit status
CMakeFiles/cmTC_ea72e.dir/build.make:97: recipe for target 'cmTC_ea72e' failed
make[1]: *** [cmTC_ea72e] Error 1
make[1]: Leaving directory '/home/yw/slam/cpp/lec3/build/CMakeFiles/CMakeTmp'
Makefile:126: recipe for target 'cmTC_ea72e/fast' failed
make: *** [cmTC_ea72e/fast] Error 2


